2018-05-22 15:53:24,405  - INFO - ----  test002_测试账号错误时登录_com.smartcity.maxnerva.vborad_phone:id/editText_set_value vbooard        ----
2018-05-22 15:53:31,148  - INFO - ----  test002_测试账号错误时登录_com.smartcity.maxnerva.vborad_phone:id/editText2_set_value zlm13367131368        ----
2018-05-22 15:53:36,755  - INFO - ----  test002_测试账号错误时登录_com.smartcity.maxnerva.vborad_phone:id/button_click          ----
2018-05-22 15:53:37,779  - INFO - ----  test002_测试账号错误时登录_com.smartcity.maxnerva.vborad_phone:id/textView2_get_value 帐号或密码错误，请重试或使用找回密码功能(1001)        ----
2018-05-22 15:53:38,795  - INFO - [CheckPoint_1]: testLogin1WrongAccount_ : OK
2018-05-22 15:53:38,818  - INFO - ----  test004_测试密码错误时登录_com.smartcity.maxnerva.vborad_phone:id/editText_set_value ruby        ----
2018-05-22 15:53:46,419  - INFO - ----  test004_测试密码错误时登录_com.smartcity.maxnerva.vborad_phone:id/editText2_set_value vboard12345        ----
2018-05-22 15:53:52,665  - INFO - ----  test004_测试密码错误时登录_com.smartcity.maxnerva.vborad_phone:id/button_click          ----
2018-05-22 15:53:53,510  - INFO - ----  test004_测试密码错误时登录_com.smartcity.maxnerva.vborad_phone:id/textView2_get_value 帐号或密码错误，请重试或使用找回密码功能(1001)        ----
2018-05-22 15:53:53,950  - INFO - [CheckPoint_2]: testLogin2WrongPassword_ : OK
2018-05-22 15:53:54,410  - INFO - ----  test003_测试账号密码无输入时登录_com.smartcity.maxnerva.vborad_phone:id/editText_set_value          ----
2018-05-22 15:54:02,503  - INFO - ----  test003_测试账号密码无输入时登录_com.smartcity.maxnerva.vborad_phone:id/editText2_set_value          ----
2018-05-22 15:54:08,429  - INFO - ----  test003_测试账号密码无输入时登录_com.smartcity.maxnerva.vborad_phone:id/button_click          ----
2018-05-22 15:54:09,300  - INFO - ----  test003_测试账号密码无输入时登录_com.smartcity.maxnerva.vborad_phone:id/button_           ----
2018-05-22 15:54:09,618  - INFO - [CheckPoint_3]: testLogin3EmptyInput_ : OK
2018-05-22 15:54:09,648  - INFO - ----  test001_测试登录成功_com.smartcity.maxnerva.vborad_phone:id/editText_set_value zhaolm        ----
2018-05-22 15:54:16,558  - INFO - ----  test001_测试登录成功_com.smartcity.maxnerva.vborad_phone:id/editText2_set_value zlm123456        ----
2018-05-22 15:54:22,670  - INFO - ----  test001_测试登录成功_com.smartcity.maxnerva.vborad_phone:id/button_click          ----
2018-05-22 15:54:23,664  - INFO - ----  test001_测试登录成功_com.smartcity.maxnerva.vborad_phone:id/tv_user_name_           ----
2018-05-22 15:54:24,106  - INFO - [CheckPoint_4]: testLogin4Pass_ : OK
2018-05-22 15:54:40,874  - INFO - ----  test005_加入不存在或错误的会议_com.smartcity.maxnerva.vborad_phone:id/idEt_set_value 1108        ----
2018-05-22 15:54:47,035  - INFO - ----  test005_加入不存在或错误的会议_com.smartcity.maxnerva.vborad_phone:id/button_click          ----
2018-05-22 15:54:48,034  - INFO - ----  test005_加入不存在或错误的会议_android.widget.TextView_get_value 会议号不存在(1012)        ----
2018-05-22 15:54:48,553  - INFO - [CheckPoint_5]: testWrongMeetingID_ : OK
