2018-05-24 11:04:56,746  - INFO - ----  test002_测试账号错误时登录_com.smartcity.maxnerva.vborad_phone:id/editText_set_value vbooard        ----
2018-05-24 11:05:02,405  - INFO - ----  test002_测试账号错误时登录_com.smartcity.maxnerva.vborad_phone:id/editText2_set_value zlm13367131368        ----
2018-05-24 11:05:08,872  - INFO - ----  test002_测试账号错误时登录_com.smartcity.maxnerva.vborad_phone:id/button_click          ----
2018-05-24 11:05:09,793  - INFO - ----  test002_测试账号错误时登录_com.smartcity.maxnerva.vborad_phone:id/textView2_get_value 帐号或密码错误，请重试或使用找回密码功能(1001)        ----
2018-05-24 11:05:10,050  - INFO - [CheckPoint_1]: testLogin1WrongAccount_ : OK
2018-05-24 11:05:10,087  - INFO - ----  test004_测试密码错误时登录_com.smartcity.maxnerva.vborad_phone:id/editText_set_value ruby        ----
2018-05-24 11:05:16,358  - INFO - ----  test004_测试密码错误时登录_com.smartcity.maxnerva.vborad_phone:id/editText2_set_value vboard12345        ----
2018-05-24 11:05:22,601  - INFO - ----  test004_测试密码错误时登录_com.smartcity.maxnerva.vborad_phone:id/button_click          ----
2018-05-24 11:05:23,454  - INFO - ----  test004_测试密码错误时登录_com.smartcity.maxnerva.vborad_phone:id/textView2_get_value 帐号或密码错误，请重试或使用找回密码功能(1001)        ----
2018-05-24 11:05:23,699  - INFO - [CheckPoint_2]: testLogin2WrongPassword_ : OK
2018-05-24 11:05:23,720  - INFO - ----  test003_测试账号密码无输入时登录_com.smartcity.maxnerva.vborad_phone:id/editText_set_value          ----
2018-05-24 11:05:30,301  - INFO - ----  test003_测试账号密码无输入时登录_com.smartcity.maxnerva.vborad_phone:id/editText2_set_value          ----
2018-05-24 11:05:38,443  - INFO - ----  test003_测试账号密码无输入时登录_com.smartcity.maxnerva.vborad_phone:id/button_click          ----
2018-05-24 11:05:39,309  - INFO - ----  test003_测试账号密码无输入时登录_com.smartcity.maxnerva.vborad_phone:id/button_           ----
2018-05-24 11:05:39,474  - INFO - [CheckPoint_3]: testLogin3EmptyInput_ : OK
2018-05-24 11:05:39,501  - INFO - ----  test001_测试登录成功_com.smartcity.maxnerva.vborad_phone:id/editText_set_value zhaolm        ----
2018-05-24 11:05:45,784  - INFO - ----  test001_测试登录成功_com.smartcity.maxnerva.vborad_phone:id/editText2_set_value zlm123456        ----
2018-05-24 11:05:52,534  - INFO - ----  test001_测试登录成功_com.smartcity.maxnerva.vborad_phone:id/button_click          ----
2018-05-24 11:05:53,727  - INFO - ----  test001_测试登录成功_com.smartcity.maxnerva.vborad_phone:id/tv_user_name_           ----
2018-05-24 11:05:53,917  - INFO - [CheckPoint_4]: testLogin4Pass_ : OK
2018-05-24 11:06:10,351  - INFO - ----  test005_加入不存在或错误的会议_com.smartcity.maxnerva.vborad_phone:id/idEt_set_value 1108        ----
2018-05-24 11:06:15,979  - INFO - ----  test005_加入不存在或错误的会议_com.smartcity.maxnerva.vborad_phone:id/button_click          ----
2018-05-24 11:06:16,916  - INFO - ----  test005_加入不存在或错误的会议_android.widget.TextView_get_value 会议号不存在(1012)        ----
2018-05-24 11:06:17,144  - INFO - [CheckPoint_5]: test1WrongMeetingID_ : OK
2018-05-24 11:06:17,291  - INFO - ----  test006_成功加入会议_com.smartcity.maxnerva.vborad_phone:id/idEt_set_value 9013        ----
2018-05-24 11:06:24,703  - INFO - ----  test006_成功加入会议_com.smartcity.maxnerva.vborad_phone:id/button_click          ----
2018-05-24 11:06:34,961  - INFO - ----  test006_成功加入会议_com.smartcity.maxnerva.vborad_phone:id/ivMeeting_click          ----
2018-05-24 11:06:37,198  - INFO - ----  test006_成功加入会议_com.smartcity.maxnerva.vborad_phone:id/iv_exit_click          ----
2018-05-24 11:06:38,655  - INFO - ----  test006_成功加入会议_com.smartcity.maxnerva.vborad_phone:id/btn_confirm_click          ----
2018-05-24 11:06:41,345  - INFO - ----  test006_成功加入会议_com.smartcity.maxnerva.vborad_phone:id/button_           ----
2018-05-24 11:06:41,541  - INFO - [CheckPoint_6]: test2MeetingSuccess_ : OK
