2018-05-24 11:01:56,993  - INFO - ----  test002_测试账号错误时登录_com.smartcity.maxnerva.vborad_phone:id/editText_set_value vbooard        ----
2018-05-24 11:02:04,122  - INFO - ----  test002_测试账号错误时登录_com.smartcity.maxnerva.vborad_phone:id/editText2_set_value zlm13367131368        ----
2018-05-24 11:02:09,893  - INFO - ----  test002_测试账号错误时登录_com.smartcity.maxnerva.vborad_phone:id/button_click          ----
2018-05-24 11:02:10,847  - INFO - ----  test002_测试账号错误时登录_com.smartcity.maxnerva.vborad_phone:id/textView2_get_value 帐号或密码错误，请重试或使用找回密码功能(1001)        ----
2018-05-24 11:02:11,090  - INFO - [CheckPoint_1]: testLogin1WrongAccount_ : OK
2018-05-24 11:02:11,504  - INFO - ----  test004_测试密码错误时登录_com.smartcity.maxnerva.vborad_phone:id/editText_set_value ruby        ----
2018-05-24 11:02:17,806  - INFO - ----  test004_测试密码错误时登录_com.smartcity.maxnerva.vborad_phone:id/editText2_set_value vboard12345        ----
2018-05-24 11:02:23,960  - INFO - ----  test004_测试密码错误时登录_com.smartcity.maxnerva.vborad_phone:id/button_click          ----
2018-05-24 11:02:24,813  - INFO - ----  test004_测试密码错误时登录_com.smartcity.maxnerva.vborad_phone:id/textView2_get_value 帐号或密码错误，请重试或使用找回密码功能(1001)        ----
2018-05-24 11:02:25,064  - INFO - [CheckPoint_2]: testLogin2WrongPassword_ : OK
2018-05-24 11:02:25,095  - INFO - ----  test003_测试账号密码无输入时登录_com.smartcity.maxnerva.vborad_phone:id/editText_set_value          ----
2018-05-24 11:02:31,622  - INFO - ----  test003_测试账号密码无输入时登录_com.smartcity.maxnerva.vborad_phone:id/editText2_set_value          ----
2018-05-24 11:02:38,151  - INFO - ----  test003_测试账号密码无输入时登录_com.smartcity.maxnerva.vborad_phone:id/button_click          ----
2018-05-24 11:02:39,070  - INFO - ----  test003_测试账号密码无输入时登录_com.smartcity.maxnerva.vborad_phone:id/button_           ----
2018-05-24 11:02:39,276  - INFO - [CheckPoint_3]: testLogin3EmptyInput_ : OK
2018-05-24 11:02:39,678  - INFO - ----  test001_测试登录成功_com.smartcity.maxnerva.vborad_phone:id/editText_set_value zhaolm        ----
2018-05-24 11:02:45,914  - INFO - ----  test001_测试登录成功_com.smartcity.maxnerva.vborad_phone:id/editText2_set_value zlm123456        ----
2018-05-24 11:02:52,041  - INFO - ----  test001_测试登录成功_com.smartcity.maxnerva.vborad_phone:id/button_click          ----
2018-05-24 11:02:53,024  - INFO - ----  test001_测试登录成功_com.smartcity.maxnerva.vborad_phone:id/tv_user_name_           ----
2018-05-24 11:02:53,206  - INFO - [CheckPoint_4]: testLogin4Pass_ : OK
2018-05-24 11:03:09,102  - INFO - ----  test005_加入不存在或错误的会议_com.smartcity.maxnerva.vborad_phone:id/idEt_set_value 1108        ----
2018-05-24 11:03:15,872  - INFO - ----  test005_加入不存在或错误的会议_com.smartcity.maxnerva.vborad_phone:id/button_click          ----
2018-05-24 11:03:16,794  - INFO - ----  test005_加入不存在或错误的会议_android.widget.TextView_get_value 会议号不存在(1012)        ----
2018-05-24 11:03:17,033  - INFO - [CheckPoint_5]: test1WrongMeetingID_ : OK
2018-05-24 11:03:17,168  - INFO - ----  test006_成功加入会议_com.smartcity.maxnerva.vborad_phone:id/idEt_set_value 2044        ----
2018-05-24 11:03:23,926  - INFO - ----  test006_成功加入会议_com.smartcity.maxnerva.vborad_phone:id/button_click          ----
2018-05-24 11:03:34,115  - INFO - ----  test006_成功加入会议_com.smartcity.maxnerva.vborad_phone:id/ivMeeting_click          ----
2018-05-24 11:03:36,344  - INFO - ----  test006_成功加入会议_com.smartcity.maxnerva.vborad_phone:id/iv_exit_click          ----
2018-05-24 11:03:37,767  - INFO - ----  test006_成功加入会议_com.smartcity.maxnerva.vborad_phone:id/btn_confirm_click          ----
2018-05-24 11:03:40,383  - INFO - ----  test006_成功加入会议_com.smartcity.maxnerva.vborad_phone:id/button_           ----
2018-05-24 11:03:40,602  - INFO - [CheckPoint_6]: test2MeetingSuccess_ : OK
