2018-05-23 10:43:22,410  - INFO - ----  test002_测试账号错误时登录_com.smartcity.maxnerva.vborad_phone:id/editText_set_value vbooard        ----
2018-05-23 10:43:28,637  - INFO - ----  test002_测试账号错误时登录_com.smartcity.maxnerva.vborad_phone:id/editText2_set_value zlm13367131368        ----
2018-05-23 10:43:34,326  - INFO - ----  test002_测试账号错误时登录_com.smartcity.maxnerva.vborad_phone:id/button_click          ----
2018-05-23 10:43:35,289  - INFO - ----  test002_测试账号错误时登录_com.smartcity.maxnerva.vborad_phone:id/textView2_get_value 帐号或密码错误，请重试或使用找回密码功能(1001)        ----
2018-05-23 10:43:35,593  - INFO - [CheckPoint_1]: testLogin1WrongAccount_ : OK
2018-05-23 10:43:35,631  - INFO - ----  test004_测试密码错误时登录_com.smartcity.maxnerva.vborad_phone:id/editText_set_value ruby        ----
2018-05-23 10:43:41,974  - INFO - ----  test004_测试密码错误时登录_com.smartcity.maxnerva.vborad_phone:id/editText2_set_value vboard12345        ----
2018-05-23 10:43:48,756  - INFO - ----  test004_测试密码错误时登录_com.smartcity.maxnerva.vborad_phone:id/button_click          ----
2018-05-23 10:43:49,630  - INFO - ----  test004_测试密码错误时登录_com.smartcity.maxnerva.vborad_phone:id/textView2_get_value 帐号或密码错误，请重试或使用找回密码功能(1001)        ----
2018-05-23 10:43:49,884  - INFO - [CheckPoint_2]: testLogin2WrongPassword_ : OK
2018-05-23 10:43:49,908  - INFO - ----  test003_测试账号密码无输入时登录_com.smartcity.maxnerva.vborad_phone:id/editText_set_value          ----
2018-05-23 10:43:56,064  - INFO - ----  test003_测试账号密码无输入时登录_com.smartcity.maxnerva.vborad_phone:id/editText2_set_value          ----
2018-05-23 10:44:02,698  - INFO - ----  test003_测试账号密码无输入时登录_com.smartcity.maxnerva.vborad_phone:id/button_click          ----
2018-05-23 10:44:03,524  - INFO - ----  test003_测试账号密码无输入时登录_com.smartcity.maxnerva.vborad_phone:id/button_           ----
2018-05-23 10:44:03,673  - INFO - [CheckPoint_3]: testLogin3EmptyInput_ : OK
2018-05-23 10:44:03,692  - INFO - ----  test001_测试登录成功_com.smartcity.maxnerva.vborad_phone:id/editText_set_value zhaolm        ----
2018-05-23 10:44:09,946  - INFO - ----  test001_测试登录成功_com.smartcity.maxnerva.vborad_phone:id/editText2_set_value zlm123456        ----
2018-05-23 10:44:16,188  - INFO - ----  test001_测试登录成功_com.smartcity.maxnerva.vborad_phone:id/button_click          ----
2018-05-23 10:44:17,137  - INFO - ----  test001_测试登录成功_com.smartcity.maxnerva.vborad_phone:id/tv_user_name_           ----
2018-05-23 10:44:17,326  - INFO - [CheckPoint_4]: testLogin4Pass_ : OK
2018-05-23 10:44:34,195  - INFO - ----  test005_加入不存在或错误的会议_com.smartcity.maxnerva.vborad_phone:id/idEt_set_value 1108        ----
2018-05-23 10:44:40,237  - INFO - ----  test005_加入不存在或错误的会议_com.smartcity.maxnerva.vborad_phone:id/button_click          ----
2018-05-23 10:44:41,168  - INFO - ----  test005_加入不存在或错误的会议_android.widget.TextView_get_value 会议号不存在(1012)        ----
2018-05-23 10:44:41,401  - INFO - [CheckPoint_5]: test1WrongMeetingID_ : OK
2018-05-23 10:44:41,815  - INFO - ----  test006_成功加入会议_com.smartcity.maxnerva.vborad_phone:id/idEt_set_value          ----
2018-05-23 10:44:47,280  - INFO - ----  test006_成功加入会议_com.smartcity.maxnerva.vborad_phone:id/button_click          ----
2018-05-23 10:44:49,860  - INFO - ----  test006_成功加入会议_android.widget.TextView_get_value 会议号不存在(1012)        ----
2018-05-23 10:44:50,129  - INFO - [CheckPoint_6]: test2MeetingSuccess_ : OK
