2018-05-23 17:50:57,625  - INFO - ----  test002_测试账号错误时登录_com.smartcity.maxnerva.vborad_phone:id/editText_set_value vbooard        ----
2018-05-23 17:51:04,093  - INFO - ----  test002_测试账号错误时登录_com.smartcity.maxnerva.vborad_phone:id/editText2_set_value zlm13367131368        ----
2018-05-23 17:51:09,790  - INFO - ----  test002_测试账号错误时登录_com.smartcity.maxnerva.vborad_phone:id/button_click          ----
2018-05-23 17:51:11,239  - INFO - ----  test002_测试账号错误时登录_com.smartcity.maxnerva.vborad_phone:id/textView2_get_value 帐号或密码错误，请重试或使用找回密码功能(1001)        ----
2018-05-23 17:51:11,518  - INFO - [CheckPoint_1]: testLogin1WrongAccount_ : OK
2018-05-23 17:51:11,542  - INFO - ----  test004_测试密码错误时登录_com.smartcity.maxnerva.vborad_phone:id/editText_set_value ruby        ----
2018-05-23 17:51:18,278  - INFO - ----  test004_测试密码错误时登录_com.smartcity.maxnerva.vborad_phone:id/editText2_set_value vboard12345        ----
2018-05-23 17:51:24,481  - INFO - ----  test004_测试密码错误时登录_com.smartcity.maxnerva.vborad_phone:id/button_click          ----
2018-05-23 17:51:25,282  - INFO - ----  test004_测试密码错误时登录_com.smartcity.maxnerva.vborad_phone:id/textView2_get_value 帐号或密码错误，请重试或使用找回密码功能(1001)        ----
2018-05-23 17:51:25,534  - INFO - [CheckPoint_2]: testLogin2WrongPassword_ : OK
2018-05-23 17:51:25,553  - INFO - ----  test003_测试账号密码无输入时登录_com.smartcity.maxnerva.vborad_phone:id/editText_set_value          ----
2018-05-23 17:51:31,694  - INFO - ----  test003_测试账号密码无输入时登录_com.smartcity.maxnerva.vborad_phone:id/editText2_set_value          ----
2018-05-23 17:51:38,591  - INFO - ----  test003_测试账号密码无输入时登录_com.smartcity.maxnerva.vborad_phone:id/button_click          ----
2018-05-23 17:51:39,419  - INFO - ----  test003_测试账号密码无输入时登录_com.smartcity.maxnerva.vborad_phone:id/button_           ----
2018-05-23 17:51:39,602  - INFO - [CheckPoint_3]: testLogin3EmptyInput_ : OK
2018-05-23 17:51:39,621  - INFO - ----  test001_测试登录成功_com.smartcity.maxnerva.vborad_phone:id/editText_set_value zhaolm        ----
2018-05-23 17:51:47,421  - INFO - ----  test001_测试登录成功_com.smartcity.maxnerva.vborad_phone:id/editText2_set_value zlm123456        ----
2018-05-23 17:51:54,681  - INFO - ----  test001_测试登录成功_com.smartcity.maxnerva.vborad_phone:id/button_click          ----
2018-05-23 17:51:55,622  - INFO - ----  test001_测试登录成功_com.smartcity.maxnerva.vborad_phone:id/tv_user_name_           ----
2018-05-23 17:51:55,819  - INFO - [CheckPoint_4]: testLogin4Pass_ : OK
2018-05-23 17:52:11,803  - INFO - ----  test005_加入不存在或错误的会议_com.smartcity.maxnerva.vborad_phone:id/idEt_set_value 1108        ----
2018-05-23 17:52:18,605  - INFO - ----  test005_加入不存在或错误的会议_com.smartcity.maxnerva.vborad_phone:id/button_click          ----
2018-05-23 17:52:19,616  - INFO - ----  test005_加入不存在或错误的会议_android.widget.TextView_get_value 会议号不存在(1012)        ----
2018-05-23 17:52:19,892  - INFO - [CheckPoint_5]: test1WrongMeetingID_ : OK
2018-05-23 17:52:20,024  - INFO - ----  test006_成功加入会议_com.smartcity.maxnerva.vborad_phone:id/idEt_set_value          ----
2018-05-23 17:52:26,039  - INFO - ----  test006_成功加入会议_com.smartcity.maxnerva.vborad_phone:id/button_click          ----
2018-05-23 17:52:27,598  - INFO - ----  test006_成功加入会议_android.widget.TextView_get_value 会议号不存在(1012)        ----
2018-05-23 17:52:27,885  - INFO - [CheckPoint_6]: test2MeetingSuccess_ : OK
