2018-05-22 16:06:34,419  - INFO - ----  test002_测试账号错误时登录_com.smartcity.maxnerva.vborad_phone:id/editText_set_value vbooard        ----
2018-05-22 16:06:41,580  - INFO - ----  test002_测试账号错误时登录_com.smartcity.maxnerva.vborad_phone:id/editText2_set_value zlm13367131368        ----
2018-05-22 16:06:47,993  - INFO - ----  test002_测试账号错误时登录_com.smartcity.maxnerva.vborad_phone:id/button_click          ----
2018-05-22 16:06:48,933  - INFO - ----  test002_测试账号错误时登录_com.smartcity.maxnerva.vborad_phone:id/textView2_get_value 帐号或密码错误，请重试或使用找回密码功能(1001)        ----
2018-05-22 16:06:49,372  - INFO - [CheckPoint_1]: testLogin1WrongAccount_ : OK
2018-05-22 16:06:49,681  - INFO - ----  test004_测试密码错误时登录_com.smartcity.maxnerva.vborad_phone:id/editText_set_value ruby        ----
2018-05-22 16:06:55,926  - INFO - ----  test004_测试密码错误时登录_com.smartcity.maxnerva.vborad_phone:id/editText2_set_value vboard12345        ----
2018-05-22 16:07:02,604  - INFO - ----  test004_测试密码错误时登录_com.smartcity.maxnerva.vborad_phone:id/button_click          ----
2018-05-22 16:07:03,422  - INFO - ----  test004_测试密码错误时登录_com.smartcity.maxnerva.vborad_phone:id/textView2_get_value 帐号或密码错误，请重试或使用找回密码功能(1001)        ----
2018-05-22 16:07:03,888  - INFO - [CheckPoint_2]: testLogin2WrongPassword_ : OK
2018-05-22 16:07:03,909  - INFO - ----  test003_测试账号密码无输入时登录_com.smartcity.maxnerva.vborad_phone:id/editText_set_value          ----
2018-05-22 16:07:09,947  - INFO - ----  test003_测试账号密码无输入时登录_com.smartcity.maxnerva.vborad_phone:id/editText2_set_value          ----
2018-05-22 16:07:17,828  - INFO - ----  test003_测试账号密码无输入时登录_com.smartcity.maxnerva.vborad_phone:id/button_click          ----
2018-05-22 16:07:18,721  - INFO - ----  test003_测试账号密码无输入时登录_com.smartcity.maxnerva.vborad_phone:id/button_           ----
2018-05-22 16:07:19,092  - INFO - [CheckPoint_3]: testLogin3EmptyInput_ : OK
2018-05-22 16:07:19,130  - INFO - ----  test001_测试登录成功_com.smartcity.maxnerva.vborad_phone:id/editText_set_value zhaolm        ----
2018-05-22 16:07:25,293  - INFO - ----  test001_测试登录成功_com.smartcity.maxnerva.vborad_phone:id/editText2_set_value zlm123456        ----
2018-05-22 16:07:32,347  - INFO - ----  test001_测试登录成功_com.smartcity.maxnerva.vborad_phone:id/button_click          ----
2018-05-22 16:07:33,329  - INFO - ----  test001_测试登录成功_com.smartcity.maxnerva.vborad_phone:id/tv_user_name_           ----
2018-05-22 16:07:33,734  - INFO - [CheckPoint_4]: testLogin4Pass_ : OK
2018-05-22 16:07:50,183  - INFO - ----  test005_加入不存在或错误的会议_com.smartcity.maxnerva.vborad_phone:id/idEt_set_value 1108        ----
2018-05-22 16:07:55,959  - INFO - ----  test005_加入不存在或错误的会议_com.smartcity.maxnerva.vborad_phone:id/button_click          ----
2018-05-22 16:07:57,418  - INFO - ----  test005_加入不存在或错误的会议_android.widget.TextView_get_value 会议号不存在(1012)        ----
2018-05-22 16:07:58,253  - INFO - [CheckPoint_5]: testWrongMeetingID_ : OK
