2018-05-23 10:40:18,605  - INFO - ----  test002_测试账号错误时登录_com.smartcity.maxnerva.vborad_phone:id/editText_set_value vbooard        ----
2018-05-23 10:40:26,705  - INFO - ----  test002_测试账号错误时登录_com.smartcity.maxnerva.vborad_phone:id/editText2_set_value zlm13367131368        ----
2018-05-23 10:40:32,821  - INFO - ----  test002_测试账号错误时登录_com.smartcity.maxnerva.vborad_phone:id/button_click          ----
2018-05-23 10:40:33,872  - INFO - ----  test002_测试账号错误时登录_com.smartcity.maxnerva.vborad_phone:id/textView2_get_value 帐号或密码错误，请重试或使用找回密码功能(1001)        ----
2018-05-23 10:40:34,146  - INFO - [CheckPoint_1]: testLogin1WrongAccount_ : OK
2018-05-23 10:40:34,194  - INFO - ----  test004_测试密码错误时登录_com.smartcity.maxnerva.vborad_phone:id/editText_set_value ruby        ----
2018-05-23 10:40:40,869  - INFO - ----  test004_测试密码错误时登录_com.smartcity.maxnerva.vborad_phone:id/editText2_set_value vboard12345        ----
2018-05-23 10:40:47,003  - INFO - ----  test004_测试密码错误时登录_com.smartcity.maxnerva.vborad_phone:id/button_click          ----
2018-05-23 10:40:47,816  - INFO - ----  test004_测试密码错误时登录_com.smartcity.maxnerva.vborad_phone:id/textView2_get_value 帐号或密码错误，请重试或使用找回密码功能(1001)        ----
2018-05-23 10:40:48,073  - INFO - [CheckPoint_2]: testLogin2WrongPassword_ : OK
2018-05-23 10:40:48,125  - INFO - ----  test003_测试账号密码无输入时登录_com.smartcity.maxnerva.vborad_phone:id/editText_set_value          ----
2018-05-23 10:40:54,910  - INFO - ----  test003_测试账号密码无输入时登录_com.smartcity.maxnerva.vborad_phone:id/editText2_set_value          ----
2018-05-23 10:41:00,425  - INFO - ----  test003_测试账号密码无输入时登录_com.smartcity.maxnerva.vborad_phone:id/button_click          ----
2018-05-23 10:41:01,798  - INFO - ----  test003_测试账号密码无输入时登录_com.smartcity.maxnerva.vborad_phone:id/button_           ----
2018-05-23 10:41:02,046  - INFO - [CheckPoint_3]: testLogin3EmptyInput_ : OK
2018-05-23 10:41:02,071  - INFO - ----  test001_测试登录成功_com.smartcity.maxnerva.vborad_phone:id/editText_set_value zhaolm        ----
2018-05-23 10:41:08,209  - INFO - ----  test001_测试登录成功_com.smartcity.maxnerva.vborad_phone:id/editText2_set_value zlm123456        ----
2018-05-23 10:41:14,399  - INFO - ----  test001_测试登录成功_com.smartcity.maxnerva.vborad_phone:id/button_click          ----
2018-05-23 10:41:15,416  - INFO - ----  test001_测试登录成功_com.smartcity.maxnerva.vborad_phone:id/tv_user_name_           ----
2018-05-23 10:41:15,586  - INFO - [CheckPoint_4]: testLogin4Pass_ : OK
2018-05-23 10:41:33,125  - INFO - ----  test006_成功加入会议_com.smartcity.maxnerva.vborad_phone:id/idEt_set_value          ----
2018-05-23 10:41:38,417  - INFO - ----  test006_成功加入会议_com.smartcity.maxnerva.vborad_phone:id/button_click          ----
2018-05-23 10:41:41,109  - INFO - ----  test006_成功加入会议_android.widget.TextView_get_value 会议号不存在(1012)        ----
2018-05-23 10:41:41,400  - INFO - [CheckPoint_5]: testMeetingSuccess_ : OK
2018-05-23 10:41:41,427  - INFO - ----  test005_加入不存在或错误的会议_com.smartcity.maxnerva.vborad_phone:id/idEt_set_value 1108        ----
2018-05-23 10:41:47,062  - INFO - ----  test005_加入不存在或错误的会议_com.smartcity.maxnerva.vborad_phone:id/button_click          ----
2018-05-23 10:41:48,185  - INFO - ----  test005_加入不存在或错误的会议_android.widget.TextView_get_value 会议号不存在(1012)        ----
2018-05-23 10:41:48,431  - INFO - [CheckPoint_6]: testWrongMeetingID_ : OK
